<?xml version="1.0" encoding="UTF-8"?>
<!-- Generated by org.testng.reporters.JUnitReportReporter -->
<testsuite hostname="WIN-Q1HIH6APM6I" failures="0" tests="1" name="com.it.test.AttendanceTest" time="34.418" errors="0" timestamp="30 Oct 2021 11:56:53 GMT">
  <testcase classname="com.it.test.AttendanceTest" name="attendanceTest" time="34.418"/>
</testsuite> <!-- com.it.test.AttendanceTest -->
