<?xml version="1.0" encoding="UTF-8"?>
<!-- Generated by org.testng.reporters.JUnitReportReporter -->
<testsuite hostname="WIN-Q1HIH6APM6I" failures="0" tests="1" name="com.it.test.ImTest" time="0.074" errors="0" timestamp="2 Nov 2021 10:17:43 GMT">
  <testcase classname="com.it.test.ImTest" name="imTest" time="0.074"/>
</testsuite> <!-- com.it.test.ImTest -->
