<?xml version="1.0" encoding="UTF-8"?>
<!-- Generated by org.testng.reporters.JUnitReportReporter -->
<testsuite hostname="WIN-Q1HIH6APM6I" failures="0" tests="1" name="com.it.test.ImTest" time="68.861" errors="0" timestamp="30 Oct 2021 11:55:23 GMT">
  <testcase classname="com.it.test.ImTest" name="imTest" time="68.861"/>
</testsuite> <!-- com.it.test.ImTest -->
