<?xml version="1.0" encoding="UTF-8"?>
<!-- Generated by org.testng.reporters.JUnitReportReporter -->
<testsuite hostname="WIN-Q1HIH6APM6I" failures="0" tests="1" name="com.it.test.AttendanceTest" time="1.321" errors="0" timestamp="1 Nov 2021 16:34:33 GMT">
  <testcase classname="com.it.test.AttendanceTest" name="attendanceTest" time="1.321"/>
</testsuite> <!-- com.it.test.AttendanceTest -->
