<?xml version="1.0" encoding="UTF-8"?>
<!-- Generated by org.testng.reporters.JUnitReportReporter -->
<testsuite hostname="WIN-Q1HIH6APM6I" failures="0" tests="1" name="com.it.test.AttendanceTest" time="53.784" errors="0" timestamp="31 Oct 2021 11:27:04 GMT">
  <testcase classname="com.it.test.AttendanceTest" name="attendanceTest" time="53.784"/>
</testsuite> <!-- com.it.test.AttendanceTest -->
