<?xml version="1.0" encoding="UTF-8"?>
<!-- Generated by org.testng.reporters.JUnitReportReporter -->
<testsuite hostname="WIN-Q1HIH6APM6I" failures="0" tests="1" name="com.it.test.WeiboTest" time="0.022" errors="0" timestamp="2 Nov 2021 04:44:04 GMT">
  <testcase classname="com.it.test.WeiboTest" name="weiboTest" time="0.022"/>
</testsuite> <!-- com.it.test.WeiboTest -->
